<?xml version="1.0" encoding="UTF-8"?>
<testng-results ignored="0" total="1" passed="1" failed="0" skipped="0">
  <reporter-output>
  </reporter-output>
  <suite started-at="2024-02-18T15:30:13 IST" name="com.org.amtest.search.searchTest" finished-at="2024-02-18T15:30:13 IST" duration-ms="43">
    <groups>
    </groups>
    <test started-at="2024-02-18T15:30:13 IST" name="Command line test" finished-at="2024-02-18T15:30:13 IST" duration-ms="43">
      <class name="com.org.amtest.search.searchTest">
        <test-method signature="sum()[pri:0, instance:com.org.amtest.search.searchTest@49438269]" started-at="2024-02-18T15:30:13 IST" name="sum" finished-at="2024-02-18T15:30:13 IST" duration-ms="4" status="PASS">
          <reporter-output>
          </reporter-output>
        </test-method> <!-- sum -->
      </class> <!-- com.org.amtest.search.searchTest -->
    </test> <!-- Command line test -->
  </suite> <!-- com.org.amtest.search.searchTest -->
</testng-results>
